2021-02-20T08:30:22+00:00 CRITICAL Uncaught Error: Unknown named parameter $tasks_meta_id in C:\xampp\htdocs\arkarz\wp-includes\class-wp-hook.php:287
Stack trace:
#0 C:\xampp\htdocs\arkarz\wp-includes\class-wp-hook.php(311): WP_Hook->apply_filters('', Array)
#1 C:\xampp\htdocs\arkarz\wp-includes\plugin.php(551): WP_Hook->do_action(Array)
#2 C:\xampp\htdocs\arkarz\wp-content\plugins\woocommerce\packages\action-scheduler\classes\actions\ActionScheduler_Action.php(22): do_action_ref_array('wpforms_admin_n...', Array)
#3 C:\xampp\htdocs\arkarz\wp-content\plugins\woocommerce\packages\action-scheduler\classes\abstracts\ActionScheduler_Abstract_QueueRunner.php(65): ActionScheduler_Action->execute()
#4 C:\xampp\htdocs\arkarz\wp-content\plugins\woocommerce\packages\action-scheduler\classes\ActionScheduler_QueueRunner.php(162): ActionScheduler_Abstract_QueueRunner->process_action(27, 'WP Cron')
#5 C:\xampp\htdocs\arkarz\wp-content\plugins\woocommerce\packages\action-scheduler\classes\ActionScheduler_QueueRunner.php(132): ActionScheduler_QueueRunner->do_batch(25, 'WP Cron')
#6 C:\xampp\htdocs\arkarz\wp-includes\class-wp-hook.php(287): ActionScheduler_QueueRunner->run('WP Cron')
#7 C:\xampp\htdocs\arkarz\wp-includes\class-wp-hook.php(311): WP_Hook->apply_filters('', Array)
#8 C:\xampp\htdocs\arkarz\wp-includes\plugin.php(551): WP_Hook->do_action(Array)
#9 C:\xampp\htdocs\arkarz\wp-cron.php(138): do_action_ref_array('action_schedule...', Array)
#10 {main}
  thrown in C:\xampp\htdocs\arkarz\wp-includes\class-wp-hook.php on line 287

2021-02-20T08:30:40+00:00 CRITICAL Out of memory (allocated 35651584) (tried to allocate 73728 bytes) in C:\xampp\htdocs\arkarz\wp-includes\wp-db.php on line 2022

2021-02-20T08:30:42+00:00 CRITICAL Uncaught Error: Unknown named parameter $tasks_meta_id in C:\xampp\htdocs\arkarz\wp-includes\class-wp-hook.php:287
Stack trace:
#0 C:\xampp\htdocs\arkarz\wp-includes\class-wp-hook.php(311): WP_Hook->apply_filters('', Array)
#1 C:\xampp\htdocs\arkarz\wp-includes\plugin.php(551): WP_Hook->do_action(Array)
#2 C:\xampp\htdocs\arkarz\wp-content\plugins\woocommerce\packages\action-scheduler\classes\actions\ActionScheduler_Action.php(22): do_action_ref_array('wpforms_admin_n...', Array)
#3 C:\xampp\htdocs\arkarz\wp-content\plugins\woocommerce\packages\action-scheduler\classes\abstracts\ActionScheduler_Abstract_QueueRunner.php(65): ActionScheduler_Action->execute()
#4 C:\xampp\htdocs\arkarz\wp-content\plugins\woocommerce\packages\action-scheduler\classes\ActionScheduler_QueueRunner.php(162): ActionScheduler_Abstract_QueueRunner->process_action(28, 'Async Request')
#5 C:\xampp\htdocs\arkarz\wp-content\plugins\woocommerce\packages\action-scheduler\classes\ActionScheduler_QueueRunner.php(132): ActionScheduler_QueueRunner->do_batch(25, 'Async Request')
#6 C:\xampp\htdocs\arkarz\wp-includes\class-wp-hook.php(287): ActionScheduler_QueueRunner->run('Async Request')
#7 C:\xampp\htdocs\arkarz\wp-includes\class-wp-hook.php(311): WP_Hook->apply_filters('', Array)
#8 C:\xampp\htdocs\arkarz\wp-includes\plugin.php(484): WP_Hook->do_action(Array)
#9 C:\xampp\htdocs\arkarz\wp-content\plugins\woocommerce\packages\action-scheduler\classes\ActionScheduler_AsyncRequest_QueueRunner.php(52): do_action('action_schedule...', 'Async Request')
#10 C:\xampp\htdocs\arkarz\wp-content\plugins\woocommerce\includes\libraries\wp-async-request.php(147): ActionScheduler_AsyncRequest_QueueRunner->handle()
#11 C:\xampp\htdocs\arkarz\wp-includes\class-wp-hook.php(287): WP_Async_Request->maybe_handle('')
#12 C:\xampp\htdocs\arkarz\wp-includes\class-wp-hook.php(311): WP_Hook->apply_filters('', Array)
#13 C:\xampp\htdocs\arkarz\wp-includes\plugin.php(484): WP_Hook->do_action(Array)
#14 C:\xampp\htdocs\arkarz\wp-admin\admin-ajax.php(184): do_action('wp_ajax_as_asyn...')
#15 {main}
  thrown in C:\xampp\htdocs\arkarz\wp-includes\class-wp-hook.php on line 287

2021-02-20T08:30:49+00:00 CRITICAL Uncaught Error: Unknown named parameter $tasks_meta_id in C:\xampp\htdocs\arkarz\wp-includes\class-wp-hook.php:287
Stack trace:
#0 C:\xampp\htdocs\arkarz\wp-includes\class-wp-hook.php(311): WP_Hook->apply_filters('', Array)
#1 C:\xampp\htdocs\arkarz\wp-includes\plugin.php(551): WP_Hook->do_action(Array)
#2 C:\xampp\htdocs\arkarz\wp-content\plugins\woocommerce\packages\action-scheduler\classes\actions\ActionScheduler_Action.php(22): do_action_ref_array('wpforms_admin_n...', Array)
#3 C:\xampp\htdocs\arkarz\wp-content\plugins\woocommerce\packages\action-scheduler\classes\abstracts\ActionScheduler_Abstract_QueueRunner.php(65): ActionScheduler_Action->execute()
#4 C:\xampp\htdocs\arkarz\wp-content\plugins\woocommerce\packages\action-scheduler\classes\ActionScheduler_QueueRunner.php(162): ActionScheduler_Abstract_QueueRunner->process_action(29, 'Async Request')
#5 C:\xampp\htdocs\arkarz\wp-content\plugins\woocommerce\packages\action-scheduler\classes\ActionScheduler_QueueRunner.php(132): ActionScheduler_QueueRunner->do_batch(25, 'Async Request')
#6 C:\xampp\htdocs\arkarz\wp-includes\class-wp-hook.php(287): ActionScheduler_QueueRunner->run('Async Request')
#7 C:\xampp\htdocs\arkarz\wp-includes\class-wp-hook.php(311): WP_Hook->apply_filters('', Array)
#8 C:\xampp\htdocs\arkarz\wp-includes\plugin.php(484): WP_Hook->do_action(Array)
#9 C:\xampp\htdocs\arkarz\wp-content\plugins\woocommerce\packages\action-scheduler\classes\ActionScheduler_AsyncRequest_QueueRunner.php(52): do_action('action_schedule...', 'Async Request')
#10 C:\xampp\htdocs\arkarz\wp-content\plugins\woocommerce\includes\libraries\wp-async-request.php(147): ActionScheduler_AsyncRequest_QueueRunner->handle()
#11 C:\xampp\htdocs\arkarz\wp-includes\class-wp-hook.php(287): WP_Async_Request->maybe_handle('')
#12 C:\xampp\htdocs\arkarz\wp-includes\class-wp-hook.php(311): WP_Hook->apply_filters('', Array)
#13 C:\xampp\htdocs\arkarz\wp-includes\plugin.php(484): WP_Hook->do_action(Array)
#14 C:\xampp\htdocs\arkarz\wp-admin\admin-ajax.php(184): do_action('wp_ajax_as_asyn...')
#15 {main}
  thrown in C:\xampp\htdocs\arkarz\wp-includes\class-wp-hook.php on line 287

2021-02-20T08:30:56+00:00 CRITICAL Uncaught Error: Unknown named parameter $tasks_meta_id in C:\xampp\htdocs\arkarz\wp-includes\class-wp-hook.php:287
Stack trace:
#0 C:\xampp\htdocs\arkarz\wp-includes\class-wp-hook.php(311): WP_Hook->apply_filters('', Array)
#1 C:\xampp\htdocs\arkarz\wp-includes\plugin.php(551): WP_Hook->do_action(Array)
#2 C:\xampp\htdocs\arkarz\wp-content\plugins\woocommerce\packages\action-scheduler\classes\actions\ActionScheduler_Action.php(22): do_action_ref_array('wpforms_admin_n...', Array)
#3 C:\xampp\htdocs\arkarz\wp-content\plugins\woocommerce\packages\action-scheduler\classes\abstracts\ActionScheduler_Abstract_QueueRunner.php(65): ActionScheduler_Action->execute()
#4 C:\xampp\htdocs\arkarz\wp-content\plugins\woocommerce\packages\action-scheduler\classes\ActionScheduler_QueueRunner.php(162): ActionScheduler_Abstract_QueueRunner->process_action(30, 'Async Request')
#5 C:\xampp\htdocs\arkarz\wp-content\plugins\woocommerce\packages\action-scheduler\classes\ActionScheduler_QueueRunner.php(132): ActionScheduler_QueueRunner->do_batch(25, 'Async Request')
#6 C:\xampp\htdocs\arkarz\wp-includes\class-wp-hook.php(287): ActionScheduler_QueueRunner->run('Async Request')
#7 C:\xampp\htdocs\arkarz\wp-includes\class-wp-hook.php(311): WP_Hook->apply_filters('', Array)
#8 C:\xampp\htdocs\arkarz\wp-includes\plugin.php(484): WP_Hook->do_action(Array)
#9 C:\xampp\htdocs\arkarz\wp-content\plugins\woocommerce\packages\action-scheduler\classes\ActionScheduler_AsyncRequest_QueueRunner.php(52): do_action('action_schedule...', 'Async Request')
#10 C:\xampp\htdocs\arkarz\wp-content\plugins\woocommerce\includes\libraries\wp-async-request.php(147): ActionScheduler_AsyncRequest_QueueRunner->handle()
#11 C:\xampp\htdocs\arkarz\wp-includes\class-wp-hook.php(287): WP_Async_Request->maybe_handle('')
#12 C:\xampp\htdocs\arkarz\wp-includes\class-wp-hook.php(311): WP_Hook->apply_filters('', Array)
#13 C:\xampp\htdocs\arkarz\wp-includes\plugin.php(484): WP_Hook->do_action(Array)
#14 C:\xampp\htdocs\arkarz\wp-admin\admin-ajax.php(184): do_action('wp_ajax_as_asyn...')
#15 {main}
  thrown in C:\xampp\htdocs\arkarz\wp-includes\class-wp-hook.php on line 287

2021-02-20T08:31:48+00:00 CRITICAL Uncaught Error: Unknown named parameter $tasks_meta_id in C:\xampp\htdocs\arkarz\wp-includes\class-wp-hook.php:287
Stack trace:
#0 C:\xampp\htdocs\arkarz\wp-includes\class-wp-hook.php(311): WP_Hook->apply_filters('', Array)
#1 C:\xampp\htdocs\arkarz\wp-includes\plugin.php(551): WP_Hook->do_action(Array)
#2 C:\xampp\htdocs\arkarz\wp-content\plugins\woocommerce\packages\action-scheduler\classes\actions\ActionScheduler_Action.php(22): do_action_ref_array('wpforms_admin_n...', Array)
#3 C:\xampp\htdocs\arkarz\wp-content\plugins\woocommerce\packages\action-scheduler\classes\abstracts\ActionScheduler_Abstract_QueueRunner.php(65): ActionScheduler_Action->execute()
#4 C:\xampp\htdocs\arkarz\wp-content\plugins\woocommerce\packages\action-scheduler\classes\ActionScheduler_QueueRunner.php(162): ActionScheduler_Abstract_QueueRunner->process_action(31, 'WP Cron')
#5 C:\xampp\htdocs\arkarz\wp-content\plugins\woocommerce\packages\action-scheduler\classes\ActionScheduler_QueueRunner.php(132): ActionScheduler_QueueRunner->do_batch(25, 'WP Cron')
#6 C:\xampp\htdocs\arkarz\wp-includes\class-wp-hook.php(287): ActionScheduler_QueueRunner->run('WP Cron')
#7 C:\xampp\htdocs\arkarz\wp-includes\class-wp-hook.php(311): WP_Hook->apply_filters('', Array)
#8 C:\xampp\htdocs\arkarz\wp-includes\plugin.php(551): WP_Hook->do_action(Array)
#9 C:\xampp\htdocs\arkarz\wp-cron.php(138): do_action_ref_array('action_schedule...', Array)
#10 {main}
  thrown in C:\xampp\htdocs\arkarz\wp-includes\class-wp-hook.php on line 287

2021-02-20T08:31:59+00:00 CRITICAL Uncaught Error: Unknown named parameter $tasks_meta_id in C:\xampp\htdocs\arkarz\wp-includes\class-wp-hook.php:287
Stack trace:
#0 C:\xampp\htdocs\arkarz\wp-includes\class-wp-hook.php(311): WP_Hook->apply_filters('', Array)
#1 C:\xampp\htdocs\arkarz\wp-includes\plugin.php(551): WP_Hook->do_action(Array)
#2 C:\xampp\htdocs\arkarz\wp-content\plugins\woocommerce\packages\action-scheduler\classes\actions\ActionScheduler_Action.php(22): do_action_ref_array('wpforms_admin_n...', Array)
#3 C:\xampp\htdocs\arkarz\wp-content\plugins\woocommerce\packages\action-scheduler\classes\abstracts\ActionScheduler_Abstract_QueueRunner.php(65): ActionScheduler_Action->execute()
#4 C:\xampp\htdocs\arkarz\wp-content\plugins\woocommerce\packages\action-scheduler\classes\ActionScheduler_QueueRunner.php(162): ActionScheduler_Abstract_QueueRunner->process_action(32, 'Async Request')
#5 C:\xampp\htdocs\arkarz\wp-content\plugins\woocommerce\packages\action-scheduler\classes\ActionScheduler_QueueRunner.php(132): ActionScheduler_QueueRunner->do_batch(25, 'Async Request')
#6 C:\xampp\htdocs\arkarz\wp-includes\class-wp-hook.php(287): ActionScheduler_QueueRunner->run('Async Request')
#7 C:\xampp\htdocs\arkarz\wp-includes\class-wp-hook.php(311): WP_Hook->apply_filters('', Array)
#8 C:\xampp\htdocs\arkarz\wp-includes\plugin.php(484): WP_Hook->do_action(Array)
#9 C:\xampp\htdocs\arkarz\wp-content\plugins\woocommerce\packages\action-scheduler\classes\ActionScheduler_AsyncRequest_QueueRunner.php(52): do_action('action_schedule...', 'Async Request')
#10 C:\xampp\htdocs\arkarz\wp-content\plugins\woocommerce\includes\libraries\wp-async-request.php(147): ActionScheduler_AsyncRequest_QueueRunner->handle()
#11 C:\xampp\htdocs\arkarz\wp-includes\class-wp-hook.php(287): WP_Async_Request->maybe_handle('')
#12 C:\xampp\htdocs\arkarz\wp-includes\class-wp-hook.php(311): WP_Hook->apply_filters('', Array)
#13 C:\xampp\htdocs\arkarz\wp-includes\plugin.php(484): WP_Hook->do_action(Array)
#14 C:\xampp\htdocs\arkarz\wp-admin\admin-ajax.php(199): do_action('wp_ajax_nopriv_...')
#15 {main}
  thrown in C:\xampp\htdocs\arkarz\wp-includes\class-wp-hook.php on line 287

2021-02-20T08:35:03+00:00 CRITICAL Uncaught Error: Unknown named parameter $tasks_meta_id in C:\xampp\htdocs\arkarz\wp-includes\class-wp-hook.php:287
Stack trace:
#0 C:\xampp\htdocs\arkarz\wp-includes\class-wp-hook.php(311): WP_Hook->apply_filters('', Array)
#1 C:\xampp\htdocs\arkarz\wp-includes\plugin.php(551): WP_Hook->do_action(Array)
#2 C:\xampp\htdocs\arkarz\wp-content\plugins\woocommerce\packages\action-scheduler\classes\actions\ActionScheduler_Action.php(22): do_action_ref_array('wpforms_admin_n...', Array)
#3 C:\xampp\htdocs\arkarz\wp-content\plugins\woocommerce\packages\action-scheduler\classes\abstracts\ActionScheduler_Abstract_QueueRunner.php(65): ActionScheduler_Action->execute()
#4 C:\xampp\htdocs\arkarz\wp-content\plugins\woocommerce\packages\action-scheduler\classes\ActionScheduler_QueueRunner.php(162): ActionScheduler_Abstract_QueueRunner->process_action(33, 'Async Request')
#5 C:\xampp\htdocs\arkarz\wp-content\plugins\woocommerce\packages\action-scheduler\classes\ActionScheduler_QueueRunner.php(132): ActionScheduler_QueueRunner->do_batch(25, 'Async Request')
#6 C:\xampp\htdocs\arkarz\wp-includes\class-wp-hook.php(287): ActionScheduler_QueueRunner->run('Async Request')
#7 C:\xampp\htdocs\arkarz\wp-includes\class-wp-hook.php(311): WP_Hook->apply_filters('', Array)
#8 C:\xampp\htdocs\arkarz\wp-includes\plugin.php(484): WP_Hook->do_action(Array)
#9 C:\xampp\htdocs\arkarz\wp-content\plugins\woocommerce\packages\action-scheduler\classes\ActionScheduler_AsyncRequest_QueueRunner.php(52): do_action('action_schedule...', 'Async Request')
#10 C:\xampp\htdocs\arkarz\wp-content\plugins\woocommerce\includes\libraries\wp-async-request.php(147): ActionScheduler_AsyncRequest_QueueRunner->handle()
#11 C:\xampp\htdocs\arkarz\wp-includes\class-wp-hook.php(287): WP_Async_Request->maybe_handle('')
#12 C:\xampp\htdocs\arkarz\wp-includes\class-wp-hook.php(311): WP_Hook->apply_filters('', Array)
#13 C:\xampp\htdocs\arkarz\wp-includes\plugin.php(484): WP_Hook->do_action(Array)
#14 C:\xampp\htdocs\arkarz\wp-admin\admin-ajax.php(184): do_action('wp_ajax_as_asyn...')
#15 {main}
  thrown in C:\xampp\htdocs\arkarz\wp-includes\class-wp-hook.php on line 287

2021-02-20T08:37:06+00:00 CRITICAL Uncaught Error: Unknown named parameter $tasks_meta_id in C:\xampp\htdocs\arkarz\wp-includes\class-wp-hook.php:287
Stack trace:
#0 C:\xampp\htdocs\arkarz\wp-includes\class-wp-hook.php(311): WP_Hook->apply_filters('', Array)
#1 C:\xampp\htdocs\arkarz\wp-includes\plugin.php(551): WP_Hook->do_action(Array)
#2 C:\xampp\htdocs\arkarz\wp-content\plugins\woocommerce\packages\action-scheduler\classes\actions\ActionScheduler_Action.php(22): do_action_ref_array('wpforms_admin_n...', Array)
#3 C:\xampp\htdocs\arkarz\wp-content\plugins\woocommerce\packages\action-scheduler\classes\abstracts\ActionScheduler_Abstract_QueueRunner.php(65): ActionScheduler_Action->execute()
#4 C:\xampp\htdocs\arkarz\wp-content\plugins\woocommerce\packages\action-scheduler\classes\ActionScheduler_QueueRunner.php(162): ActionScheduler_Abstract_QueueRunner->process_action(34, 'WP Cron')
#5 C:\xampp\htdocs\arkarz\wp-content\plugins\woocommerce\packages\action-scheduler\classes\ActionScheduler_QueueRunner.php(132): ActionScheduler_QueueRunner->do_batch(25, 'WP Cron')
#6 C:\xampp\htdocs\arkarz\wp-includes\class-wp-hook.php(287): ActionScheduler_QueueRunner->run('WP Cron')
#7 C:\xampp\htdocs\arkarz\wp-includes\class-wp-hook.php(311): WP_Hook->apply_filters('', Array)
#8 C:\xampp\htdocs\arkarz\wp-includes\plugin.php(551): WP_Hook->do_action(Array)
#9 C:\xampp\htdocs\arkarz\wp-cron.php(138): do_action_ref_array('action_schedule...', Array)
#10 {main}
  thrown in C:\xampp\htdocs\arkarz\wp-includes\class-wp-hook.php on line 287

2021-02-20T16:51:36+00:00 CRITICAL Uncaught Error: Unknown named parameter $tasks_meta_id in C:\xampp\htdocs\arkarz\wp-includes\class-wp-hook.php:287
Stack trace:
#0 C:\xampp\htdocs\arkarz\wp-includes\class-wp-hook.php(311): WP_Hook->apply_filters('', Array)
#1 C:\xampp\htdocs\arkarz\wp-includes\plugin.php(551): WP_Hook->do_action(Array)
#2 C:\xampp\htdocs\arkarz\wp-content\plugins\woocommerce\packages\action-scheduler\classes\actions\ActionScheduler_Action.php(22): do_action_ref_array('wpforms_admin_n...', Array)
#3 C:\xampp\htdocs\arkarz\wp-content\plugins\woocommerce\packages\action-scheduler\classes\abstracts\ActionScheduler_Abstract_QueueRunner.php(65): ActionScheduler_Action->execute()
#4 C:\xampp\htdocs\arkarz\wp-content\plugins\woocommerce\packages\action-scheduler\classes\ActionScheduler_QueueRunner.php(162): ActionScheduler_Abstract_QueueRunner->process_action(35, 'WP Cron')
#5 C:\xampp\htdocs\arkarz\wp-content\plugins\woocommerce\packages\action-scheduler\classes\ActionScheduler_QueueRunner.php(132): ActionScheduler_QueueRunner->do_batch(25, 'WP Cron')
#6 C:\xampp\htdocs\arkarz\wp-includes\class-wp-hook.php(287): ActionScheduler_QueueRunner->run('WP Cron')
#7 C:\xampp\htdocs\arkarz\wp-includes\class-wp-hook.php(311): WP_Hook->apply_filters('', Array)
#8 C:\xampp\htdocs\arkarz\wp-includes\plugin.php(551): WP_Hook->do_action(Array)
#9 C:\xampp\htdocs\arkarz\wp-cron.php(138): do_action_ref_array('action_schedule...', Array)
#10 {main}
  thrown in C:\xampp\htdocs\arkarz\wp-includes\class-wp-hook.php on line 287

2021-02-20T16:52:40+00:00 CRITICAL Uncaught Error: Unknown named parameter $tasks_meta_id in C:\xampp\htdocs\arkarz\wp-includes\class-wp-hook.php:287
Stack trace:
#0 C:\xampp\htdocs\arkarz\wp-includes\class-wp-hook.php(311): WP_Hook->apply_filters('', Array)
#1 C:\xampp\htdocs\arkarz\wp-includes\plugin.php(551): WP_Hook->do_action(Array)
#2 C:\xampp\htdocs\arkarz\wp-content\plugins\woocommerce\packages\action-scheduler\classes\actions\ActionScheduler_Action.php(22): do_action_ref_array('wpforms_admin_n...', Array)
#3 C:\xampp\htdocs\arkarz\wp-content\plugins\woocommerce\packages\action-scheduler\classes\abstracts\ActionScheduler_Abstract_QueueRunner.php(65): ActionScheduler_Action->execute()
#4 C:\xampp\htdocs\arkarz\wp-content\plugins\woocommerce\packages\action-scheduler\classes\ActionScheduler_QueueRunner.php(162): ActionScheduler_Abstract_QueueRunner->process_action(36, 'WP Cron')
#5 C:\xampp\htdocs\arkarz\wp-content\plugins\woocommerce\packages\action-scheduler\classes\ActionScheduler_QueueRunner.php(132): ActionScheduler_QueueRunner->do_batch(25, 'WP Cron')
#6 C:\xampp\htdocs\arkarz\wp-includes\class-wp-hook.php(287): ActionScheduler_QueueRunner->run('WP Cron')
#7 C:\xampp\htdocs\arkarz\wp-includes\class-wp-hook.php(311): WP_Hook->apply_filters('', Array)
#8 C:\xampp\htdocs\arkarz\wp-includes\plugin.php(551): WP_Hook->do_action(Array)
#9 C:\xampp\htdocs\arkarz\wp-cron.php(138): do_action_ref_array('action_schedule...', Array)
#10 {main}
  thrown in C:\xampp\htdocs\arkarz\wp-includes\class-wp-hook.php on line 287

2021-02-20T17:02:17+00:00 CRITICAL Uncaught Error: Unknown named parameter $tasks_meta_id in C:\xampp\htdocs\arkarz\wp-includes\class-wp-hook.php:287
Stack trace:
#0 C:\xampp\htdocs\arkarz\wp-includes\class-wp-hook.php(311): WP_Hook->apply_filters('', Array)
#1 C:\xampp\htdocs\arkarz\wp-includes\plugin.php(551): WP_Hook->do_action(Array)
#2 C:\xampp\htdocs\arkarz\wp-content\plugins\woocommerce\packages\action-scheduler\classes\actions\ActionScheduler_Action.php(22): do_action_ref_array('wpforms_admin_n...', Array)
#3 C:\xampp\htdocs\arkarz\wp-content\plugins\woocommerce\packages\action-scheduler\classes\abstracts\ActionScheduler_Abstract_QueueRunner.php(65): ActionScheduler_Action->execute()
#4 C:\xampp\htdocs\arkarz\wp-content\plugins\woocommerce\packages\action-scheduler\classes\ActionScheduler_QueueRunner.php(162): ActionScheduler_Abstract_QueueRunner->process_action(37, 'WP Cron')
#5 C:\xampp\htdocs\arkarz\wp-content\plugins\woocommerce\packages\action-scheduler\classes\ActionScheduler_QueueRunner.php(132): ActionScheduler_QueueRunner->do_batch(25, 'WP Cron')
#6 C:\xampp\htdocs\arkarz\wp-includes\class-wp-hook.php(287): ActionScheduler_QueueRunner->run('WP Cron')
#7 C:\xampp\htdocs\arkarz\wp-includes\class-wp-hook.php(311): WP_Hook->apply_filters('', Array)
#8 C:\xampp\htdocs\arkarz\wp-includes\plugin.php(551): WP_Hook->do_action(Array)
#9 C:\xampp\htdocs\arkarz\wp-cron.php(138): do_action_ref_array('action_schedule...', Array)
#10 {main}
  thrown in C:\xampp\htdocs\arkarz\wp-includes\class-wp-hook.php on line 287

2021-02-20T17:03:21+00:00 CRITICAL Uncaught Error: Unknown named parameter $tasks_meta_id in C:\xampp\htdocs\arkarz\wp-includes\class-wp-hook.php:287
Stack trace:
#0 C:\xampp\htdocs\arkarz\wp-includes\class-wp-hook.php(311): WP_Hook->apply_filters('', Array)
#1 C:\xampp\htdocs\arkarz\wp-includes\plugin.php(551): WP_Hook->do_action(Array)
#2 C:\xampp\htdocs\arkarz\wp-content\plugins\woocommerce\packages\action-scheduler\classes\actions\ActionScheduler_Action.php(22): do_action_ref_array('wpforms_admin_n...', Array)
#3 C:\xampp\htdocs\arkarz\wp-content\plugins\woocommerce\packages\action-scheduler\classes\abstracts\ActionScheduler_Abstract_QueueRunner.php(65): ActionScheduler_Action->execute()
#4 C:\xampp\htdocs\arkarz\wp-content\plugins\woocommerce\packages\action-scheduler\classes\ActionScheduler_QueueRunner.php(162): ActionScheduler_Abstract_QueueRunner->process_action(38, 'WP Cron')
#5 C:\xampp\htdocs\arkarz\wp-content\plugins\woocommerce\packages\action-scheduler\classes\ActionScheduler_QueueRunner.php(132): ActionScheduler_QueueRunner->do_batch(25, 'WP Cron')
#6 C:\xampp\htdocs\arkarz\wp-includes\class-wp-hook.php(287): ActionScheduler_QueueRunner->run('WP Cron')
#7 C:\xampp\htdocs\arkarz\wp-includes\class-wp-hook.php(311): WP_Hook->apply_filters('', Array)
#8 C:\xampp\htdocs\arkarz\wp-includes\plugin.php(551): WP_Hook->do_action(Array)
#9 C:\xampp\htdocs\arkarz\wp-cron.php(138): do_action_ref_array('action_schedule...', Array)
#10 {main}
  thrown in C:\xampp\htdocs\arkarz\wp-includes\class-wp-hook.php on line 287

2021-02-20T17:04:23+00:00 CRITICAL Uncaught Error: Unknown named parameter $tasks_meta_id in C:\xampp\htdocs\arkarz\wp-includes\class-wp-hook.php:287
Stack trace:
#0 C:\xampp\htdocs\arkarz\wp-includes\class-wp-hook.php(311): WP_Hook->apply_filters('', Array)
#1 C:\xampp\htdocs\arkarz\wp-includes\plugin.php(551): WP_Hook->do_action(Array)
#2 C:\xampp\htdocs\arkarz\wp-content\plugins\woocommerce\packages\action-scheduler\classes\actions\ActionScheduler_Action.php(22): do_action_ref_array('wpforms_admin_n...', Array)
#3 C:\xampp\htdocs\arkarz\wp-content\plugins\woocommerce\packages\action-scheduler\classes\abstracts\ActionScheduler_Abstract_QueueRunner.php(65): ActionScheduler_Action->execute()
#4 C:\xampp\htdocs\arkarz\wp-content\plugins\woocommerce\packages\action-scheduler\classes\ActionScheduler_QueueRunner.php(162): ActionScheduler_Abstract_QueueRunner->process_action(39, 'WP Cron')
#5 C:\xampp\htdocs\arkarz\wp-content\plugins\woocommerce\packages\action-scheduler\classes\ActionScheduler_QueueRunner.php(132): ActionScheduler_QueueRunner->do_batch(25, 'WP Cron')
#6 C:\xampp\htdocs\arkarz\wp-includes\class-wp-hook.php(287): ActionScheduler_QueueRunner->run('WP Cron')
#7 C:\xampp\htdocs\arkarz\wp-includes\class-wp-hook.php(311): WP_Hook->apply_filters('', Array)
#8 C:\xampp\htdocs\arkarz\wp-includes\plugin.php(551): WP_Hook->do_action(Array)
#9 C:\xampp\htdocs\arkarz\wp-cron.php(138): do_action_ref_array('action_schedule...', Array)
#10 {main}
  thrown in C:\xampp\htdocs\arkarz\wp-includes\class-wp-hook.php on line 287

2021-02-20T17:15:38+00:00 CRITICAL Uncaught Error: Unknown named parameter $tasks_meta_id in C:\xampp\htdocs\arkarz\wp-includes\class-wp-hook.php:287
Stack trace:
#0 C:\xampp\htdocs\arkarz\wp-includes\class-wp-hook.php(311): WP_Hook->apply_filters('', Array)
#1 C:\xampp\htdocs\arkarz\wp-includes\plugin.php(551): WP_Hook->do_action(Array)
#2 C:\xampp\htdocs\arkarz\wp-content\plugins\woocommerce\packages\action-scheduler\classes\actions\ActionScheduler_Action.php(22): do_action_ref_array('wpforms_admin_n...', Array)
#3 C:\xampp\htdocs\arkarz\wp-content\plugins\woocommerce\packages\action-scheduler\classes\abstracts\ActionScheduler_Abstract_QueueRunner.php(65): ActionScheduler_Action->execute()
#4 C:\xampp\htdocs\arkarz\wp-content\plugins\woocommerce\packages\action-scheduler\classes\ActionScheduler_QueueRunner.php(162): ActionScheduler_Abstract_QueueRunner->process_action(40, 'WP Cron')
#5 C:\xampp\htdocs\arkarz\wp-content\plugins\woocommerce\packages\action-scheduler\classes\ActionScheduler_QueueRunner.php(132): ActionScheduler_QueueRunner->do_batch(25, 'WP Cron')
#6 C:\xampp\htdocs\arkarz\wp-includes\class-wp-hook.php(287): ActionScheduler_QueueRunner->run('WP Cron')
#7 C:\xampp\htdocs\arkarz\wp-includes\class-wp-hook.php(311): WP_Hook->apply_filters('', Array)
#8 C:\xampp\htdocs\arkarz\wp-includes\plugin.php(551): WP_Hook->do_action(Array)
#9 C:\xampp\htdocs\arkarz\wp-cron.php(138): do_action_ref_array('action_schedule...', Array)
#10 {main}
  thrown in C:\xampp\htdocs\arkarz\wp-includes\class-wp-hook.php on line 287

2021-02-20T17:16:41+00:00 CRITICAL Uncaught Error: Unknown named parameter $tasks_meta_id in C:\xampp\htdocs\arkarz\wp-includes\class-wp-hook.php:287
Stack trace:
#0 C:\xampp\htdocs\arkarz\wp-includes\class-wp-hook.php(311): WP_Hook->apply_filters('', Array)
#1 C:\xampp\htdocs\arkarz\wp-includes\plugin.php(551): WP_Hook->do_action(Array)
#2 C:\xampp\htdocs\arkarz\wp-content\plugins\woocommerce\packages\action-scheduler\classes\actions\ActionScheduler_Action.php(22): do_action_ref_array('wpforms_admin_n...', Array)
#3 C:\xampp\htdocs\arkarz\wp-content\plugins\woocommerce\packages\action-scheduler\classes\abstracts\ActionScheduler_Abstract_QueueRunner.php(65): ActionScheduler_Action->execute()
#4 C:\xampp\htdocs\arkarz\wp-content\plugins\woocommerce\packages\action-scheduler\classes\ActionScheduler_QueueRunner.php(162): ActionScheduler_Abstract_QueueRunner->process_action(41, 'WP Cron')
#5 C:\xampp\htdocs\arkarz\wp-content\plugins\woocommerce\packages\action-scheduler\classes\ActionScheduler_QueueRunner.php(132): ActionScheduler_QueueRunner->do_batch(25, 'WP Cron')
#6 C:\xampp\htdocs\arkarz\wp-includes\class-wp-hook.php(287): ActionScheduler_QueueRunner->run('WP Cron')
#7 C:\xampp\htdocs\arkarz\wp-includes\class-wp-hook.php(311): WP_Hook->apply_filters('', Array)
#8 C:\xampp\htdocs\arkarz\wp-includes\plugin.php(551): WP_Hook->do_action(Array)
#9 C:\xampp\htdocs\arkarz\wp-cron.php(138): do_action_ref_array('action_schedule...', Array)
#10 {main}
  thrown in C:\xampp\htdocs\arkarz\wp-includes\class-wp-hook.php on line 287

2021-02-20T17:17:57+00:00 CRITICAL Uncaught Error: Unknown named parameter $tasks_meta_id in C:\xampp\htdocs\arkarz\wp-includes\class-wp-hook.php:287
Stack trace:
#0 C:\xampp\htdocs\arkarz\wp-includes\class-wp-hook.php(311): WP_Hook->apply_filters('', Array)
#1 C:\xampp\htdocs\arkarz\wp-includes\plugin.php(551): WP_Hook->do_action(Array)
#2 C:\xampp\htdocs\arkarz\wp-content\plugins\woocommerce\packages\action-scheduler\classes\actions\ActionScheduler_Action.php(22): do_action_ref_array('wpforms_admin_n...', Array)
#3 C:\xampp\htdocs\arkarz\wp-content\plugins\woocommerce\packages\action-scheduler\classes\abstracts\ActionScheduler_Abstract_QueueRunner.php(65): ActionScheduler_Action->execute()
#4 C:\xampp\htdocs\arkarz\wp-content\plugins\woocommerce\packages\action-scheduler\classes\ActionScheduler_QueueRunner.php(162): ActionScheduler_Abstract_QueueRunner->process_action(42, 'WP Cron')
#5 C:\xampp\htdocs\arkarz\wp-content\plugins\woocommerce\packages\action-scheduler\classes\ActionScheduler_QueueRunner.php(132): ActionScheduler_QueueRunner->do_batch(25, 'WP Cron')
#6 C:\xampp\htdocs\arkarz\wp-includes\class-wp-hook.php(287): ActionScheduler_QueueRunner->run('WP Cron')
#7 C:\xampp\htdocs\arkarz\wp-includes\class-wp-hook.php(311): WP_Hook->apply_filters('', Array)
#8 C:\xampp\htdocs\arkarz\wp-includes\plugin.php(551): WP_Hook->do_action(Array)
#9 C:\xampp\htdocs\arkarz\wp-cron.php(138): do_action_ref_array('action_schedule...', Array)
#10 {main}
  thrown in C:\xampp\htdocs\arkarz\wp-includes\class-wp-hook.php on line 287

2021-02-20T17:17:59+00:00 CRITICAL Uncaught Error: Unknown named parameter $tasks_meta_id in C:\xampp\htdocs\arkarz\wp-includes\class-wp-hook.php:287
Stack trace:
#0 C:\xampp\htdocs\arkarz\wp-includes\class-wp-hook.php(311): WP_Hook->apply_filters('', Array)
#1 C:\xampp\htdocs\arkarz\wp-includes\plugin.php(551): WP_Hook->do_action(Array)
#2 C:\xampp\htdocs\arkarz\wp-content\plugins\woocommerce\packages\action-scheduler\classes\actions\ActionScheduler_Action.php(22): do_action_ref_array('wpforms_admin_n...', Array)
#3 C:\xampp\htdocs\arkarz\wp-content\plugins\woocommerce\packages\action-scheduler\classes\abstracts\ActionScheduler_Abstract_QueueRunner.php(65): ActionScheduler_Action->execute()
#4 C:\xampp\htdocs\arkarz\wp-content\plugins\woocommerce\packages\action-scheduler\classes\ActionScheduler_QueueRunner.php(162): ActionScheduler_Abstract_QueueRunner->process_action(43, 'Async Request')
#5 C:\xampp\htdocs\arkarz\wp-content\plugins\woocommerce\packages\action-scheduler\classes\ActionScheduler_QueueRunner.php(132): ActionScheduler_QueueRunner->do_batch(25, 'Async Request')
#6 C:\xampp\htdocs\arkarz\wp-includes\class-wp-hook.php(287): ActionScheduler_QueueRunner->run('Async Request')
#7 C:\xampp\htdocs\arkarz\wp-includes\class-wp-hook.php(311): WP_Hook->apply_filters('', Array)
#8 C:\xampp\htdocs\arkarz\wp-includes\plugin.php(484): WP_Hook->do_action(Array)
#9 C:\xampp\htdocs\arkarz\wp-content\plugins\woocommerce\packages\action-scheduler\classes\ActionScheduler_AsyncRequest_QueueRunner.php(52): do_action('action_schedule...', 'Async Request')
#10 C:\xampp\htdocs\arkarz\wp-content\plugins\woocommerce\includes\libraries\wp-async-request.php(147): ActionScheduler_AsyncRequest_QueueRunner->handle()
#11 C:\xampp\htdocs\arkarz\wp-includes\class-wp-hook.php(287): WP_Async_Request->maybe_handle('')
#12 C:\xampp\htdocs\arkarz\wp-includes\class-wp-hook.php(311): WP_Hook->apply_filters('', Array)
#13 C:\xampp\htdocs\arkarz\wp-includes\plugin.php(484): WP_Hook->do_action(Array)
#14 C:\xampp\htdocs\arkarz\wp-admin\admin-ajax.php(184): do_action('wp_ajax_as_asyn...')
#15 {main}
  thrown in C:\xampp\htdocs\arkarz\wp-includes\class-wp-hook.php on line 287

2021-02-20T17:19:03+00:00 CRITICAL Uncaught Error: Unknown named parameter $tasks_meta_id in C:\xampp\htdocs\arkarz\wp-includes\class-wp-hook.php:287
Stack trace:
#0 C:\xampp\htdocs\arkarz\wp-includes\class-wp-hook.php(311): WP_Hook->apply_filters('', Array)
#1 C:\xampp\htdocs\arkarz\wp-includes\plugin.php(551): WP_Hook->do_action(Array)
#2 C:\xampp\htdocs\arkarz\wp-content\plugins\woocommerce\packages\action-scheduler\classes\actions\ActionScheduler_Action.php(22): do_action_ref_array('wpforms_admin_n...', Array)
#3 C:\xampp\htdocs\arkarz\wp-content\plugins\woocommerce\packages\action-scheduler\classes\abstracts\ActionScheduler_Abstract_QueueRunner.php(65): ActionScheduler_Action->execute()
#4 C:\xampp\htdocs\arkarz\wp-content\plugins\woocommerce\packages\action-scheduler\classes\ActionScheduler_QueueRunner.php(162): ActionScheduler_Abstract_QueueRunner->process_action(44, 'WP Cron')
#5 C:\xampp\htdocs\arkarz\wp-content\plugins\woocommerce\packages\action-scheduler\classes\ActionScheduler_QueueRunner.php(132): ActionScheduler_QueueRunner->do_batch(25, 'WP Cron')
#6 C:\xampp\htdocs\arkarz\wp-includes\class-wp-hook.php(287): ActionScheduler_QueueRunner->run('WP Cron')
#7 C:\xampp\htdocs\arkarz\wp-includes\class-wp-hook.php(311): WP_Hook->apply_filters('', Array)
#8 C:\xampp\htdocs\arkarz\wp-includes\plugin.php(551): WP_Hook->do_action(Array)
#9 C:\xampp\htdocs\arkarz\wp-cron.php(138): do_action_ref_array('action_schedule...', Array)
#10 {main}
  thrown in C:\xampp\htdocs\arkarz\wp-includes\class-wp-hook.php on line 287

2021-02-20T17:39:18+00:00 CRITICAL Uncaught Error: Unknown named parameter $tasks_meta_id in C:\xampp\htdocs\arkarz\wp-includes\class-wp-hook.php:287
Stack trace:
#0 C:\xampp\htdocs\arkarz\wp-includes\class-wp-hook.php(311): WP_Hook->apply_filters('', Array)
#1 C:\xampp\htdocs\arkarz\wp-includes\plugin.php(551): WP_Hook->do_action(Array)
#2 C:\xampp\htdocs\arkarz\wp-content\plugins\woocommerce\packages\action-scheduler\classes\actions\ActionScheduler_Action.php(22): do_action_ref_array('wpforms_admin_n...', Array)
#3 C:\xampp\htdocs\arkarz\wp-content\plugins\woocommerce\packages\action-scheduler\classes\abstracts\ActionScheduler_Abstract_QueueRunner.php(65): ActionScheduler_Action->execute()
#4 C:\xampp\htdocs\arkarz\wp-content\plugins\woocommerce\packages\action-scheduler\classes\ActionScheduler_QueueRunner.php(162): ActionScheduler_Abstract_QueueRunner->process_action(45, 'Async Request')
#5 C:\xampp\htdocs\arkarz\wp-content\plugins\woocommerce\packages\action-scheduler\classes\ActionScheduler_QueueRunner.php(132): ActionScheduler_QueueRunner->do_batch(25, 'Async Request')
#6 C:\xampp\htdocs\arkarz\wp-includes\class-wp-hook.php(287): ActionScheduler_QueueRunner->run('Async Request')
#7 C:\xampp\htdocs\arkarz\wp-includes\class-wp-hook.php(311): WP_Hook->apply_filters('', Array)
#8 C:\xampp\htdocs\arkarz\wp-includes\plugin.php(484): WP_Hook->do_action(Array)
#9 C:\xampp\htdocs\arkarz\wp-content\plugins\woocommerce\packages\action-scheduler\classes\ActionScheduler_AsyncRequest_QueueRunner.php(52): do_action('action_schedule...', 'Async Request')
#10 C:\xampp\htdocs\arkarz\wp-content\plugins\woocommerce\includes\libraries\wp-async-request.php(147): ActionScheduler_AsyncRequest_QueueRunner->handle()
#11 C:\xampp\htdocs\arkarz\wp-includes\class-wp-hook.php(287): WP_Async_Request->maybe_handle('')
#12 C:\xampp\htdocs\arkarz\wp-includes\class-wp-hook.php(311): WP_Hook->apply_filters('', Array)
#13 C:\xampp\htdocs\arkarz\wp-includes\plugin.php(484): WP_Hook->do_action(Array)
#14 C:\xampp\htdocs\arkarz\wp-admin\admin-ajax.php(184): do_action('wp_ajax_as_asyn...')
#15 {main}
  thrown in C:\xampp\htdocs\arkarz\wp-includes\class-wp-hook.php on line 287

2021-02-20T17:46:38+00:00 CRITICAL Uncaught Error: Unknown named parameter $tasks_meta_id in C:\xampp\htdocs\arkarz\wp-includes\class-wp-hook.php:287
Stack trace:
#0 C:\xampp\htdocs\arkarz\wp-includes\class-wp-hook.php(311): WP_Hook->apply_filters('', Array)
#1 C:\xampp\htdocs\arkarz\wp-includes\plugin.php(551): WP_Hook->do_action(Array)
#2 C:\xampp\htdocs\arkarz\wp-content\plugins\woocommerce\packages\action-scheduler\classes\actions\ActionScheduler_Action.php(22): do_action_ref_array('wpforms_admin_n...', Array)
#3 C:\xampp\htdocs\arkarz\wp-content\plugins\woocommerce\packages\action-scheduler\classes\abstracts\ActionScheduler_Abstract_QueueRunner.php(65): ActionScheduler_Action->execute()
#4 C:\xampp\htdocs\arkarz\wp-content\plugins\woocommerce\packages\action-scheduler\classes\ActionScheduler_QueueRunner.php(162): ActionScheduler_Abstract_QueueRunner->process_action(46, 'WP Cron')
#5 C:\xampp\htdocs\arkarz\wp-content\plugins\woocommerce\packages\action-scheduler\classes\ActionScheduler_QueueRunner.php(132): ActionScheduler_QueueRunner->do_batch(25, 'WP Cron')
#6 C:\xampp\htdocs\arkarz\wp-includes\class-wp-hook.php(287): ActionScheduler_QueueRunner->run('WP Cron')
#7 C:\xampp\htdocs\arkarz\wp-includes\class-wp-hook.php(311): WP_Hook->apply_filters('', Array)
#8 C:\xampp\htdocs\arkarz\wp-includes\plugin.php(551): WP_Hook->do_action(Array)
#9 C:\xampp\htdocs\arkarz\wp-cron.php(138): do_action_ref_array('action_schedule...', Array)
#10 {main}
  thrown in C:\xampp\htdocs\arkarz\wp-includes\class-wp-hook.php on line 287

