2021-03-07T14:04:51+00:00 CRITICAL Uncaught Error: Unknown named parameter $tasks_meta_id in C:\xampp\htdocs\arkarz\wp-includes\class-wp-hook.php:287
Stack trace:
#0 C:\xampp\htdocs\arkarz\wp-includes\class-wp-hook.php(311): WP_Hook->apply_filters('', Array)
#1 C:\xampp\htdocs\arkarz\wp-includes\plugin.php(551): WP_Hook->do_action(Array)
#2 C:\xampp\htdocs\arkarz\wp-content\plugins\woocommerce\packages\action-scheduler\classes\actions\ActionScheduler_Action.php(22): do_action_ref_array('wpforms_email_s...', Array)
#3 C:\xampp\htdocs\arkarz\wp-content\plugins\woocommerce\packages\action-scheduler\classes\abstracts\ActionScheduler_Abstract_QueueRunner.php(65): ActionScheduler_Action->execute()
#4 C:\xampp\htdocs\arkarz\wp-content\plugins\woocommerce\packages\action-scheduler\classes\ActionScheduler_QueueRunner.php(162): ActionScheduler_Abstract_QueueRunner->process_action(488, 'WP Cron')
#5 C:\xampp\htdocs\arkarz\wp-content\plugins\woocommerce\packages\action-scheduler\classes\ActionScheduler_QueueRunner.php(132): ActionScheduler_QueueRunner->do_batch(25, 'WP Cron')
#6 C:\xampp\htdocs\arkarz\wp-includes\class-wp-hook.php(287): ActionScheduler_QueueRunner->run('WP Cron')
#7 C:\xampp\htdocs\arkarz\wp-includes\class-wp-hook.php(311): WP_Hook->apply_filters('', Array)
#8 C:\xampp\htdocs\arkarz\wp-includes\plugin.php(551): WP_Hook->do_action(Array)
#9 C:\xampp\htdocs\arkarz\wp-cron.php(138): do_action_ref_array('action_schedule...', Array)
#10 {main}
  thrown in C:\xampp\htdocs\arkarz\wp-includes\class-wp-hook.php on line 287

2021-03-07T14:04:56+00:00 CRITICAL Uncaught Error: Unknown named parameter $tasks_meta_id in C:\xampp\htdocs\arkarz\wp-includes\class-wp-hook.php:287
Stack trace:
#0 C:\xampp\htdocs\arkarz\wp-includes\class-wp-hook.php(311): WP_Hook->apply_filters('', Array)
#1 C:\xampp\htdocs\arkarz\wp-includes\plugin.php(551): WP_Hook->do_action(Array)
#2 C:\xampp\htdocs\arkarz\wp-content\plugins\woocommerce\packages\action-scheduler\classes\actions\ActionScheduler_Action.php(22): do_action_ref_array('wpforms_process...', Array)
#3 C:\xampp\htdocs\arkarz\wp-content\plugins\woocommerce\packages\action-scheduler\classes\abstracts\ActionScheduler_Abstract_QueueRunner.php(65): ActionScheduler_Action->execute()
#4 C:\xampp\htdocs\arkarz\wp-content\plugins\woocommerce\packages\action-scheduler\classes\ActionScheduler_QueueRunner.php(162): ActionScheduler_Abstract_QueueRunner->process_action(515, 'Async Request')
#5 C:\xampp\htdocs\arkarz\wp-content\plugins\woocommerce\packages\action-scheduler\classes\ActionScheduler_QueueRunner.php(132): ActionScheduler_QueueRunner->do_batch(25, 'Async Request')
#6 C:\xampp\htdocs\arkarz\wp-includes\class-wp-hook.php(287): ActionScheduler_QueueRunner->run('Async Request')
#7 C:\xampp\htdocs\arkarz\wp-includes\class-wp-hook.php(311): WP_Hook->apply_filters('', Array)
#8 C:\xampp\htdocs\arkarz\wp-includes\plugin.php(484): WP_Hook->do_action(Array)
#9 C:\xampp\htdocs\arkarz\wp-content\plugins\woocommerce\packages\action-scheduler\classes\ActionScheduler_AsyncRequest_QueueRunner.php(52): do_action('action_schedule...', 'Async Request')
#10 C:\xampp\htdocs\arkarz\wp-content\plugins\woocommerce\includes\libraries\wp-async-request.php(147): ActionScheduler_AsyncRequest_QueueRunner->handle()
#11 C:\xampp\htdocs\arkarz\wp-includes\class-wp-hook.php(287): WP_Async_Request->maybe_handle('')
#12 C:\xampp\htdocs\arkarz\wp-includes\class-wp-hook.php(311): WP_Hook->apply_filters('', Array)
#13 C:\xampp\htdocs\arkarz\wp-includes\plugin.php(484): WP_Hook->do_action(Array)
#14 C:\xampp\htdocs\arkarz\wp-admin\admin-ajax.php(199): do_action('wp_ajax_nopriv_...')
#15 {main}
  thrown in C:\xampp\htdocs\arkarz\wp-includes\class-wp-hook.php on line 287

2021-03-07T14:11:37+00:00 CRITICAL Uncaught Error: Unknown named parameter $tasks_meta_id in C:\xampp\htdocs\arkarz\wp-includes\class-wp-hook.php:287
Stack trace:
#0 C:\xampp\htdocs\arkarz\wp-includes\class-wp-hook.php(311): WP_Hook->apply_filters('', Array)
#1 C:\xampp\htdocs\arkarz\wp-includes\plugin.php(551): WP_Hook->do_action(Array)
#2 C:\xampp\htdocs\arkarz\wp-content\plugins\woocommerce\packages\action-scheduler\classes\actions\ActionScheduler_Action.php(22): do_action_ref_array('wpforms_email_s...', Array)
#3 C:\xampp\htdocs\arkarz\wp-content\plugins\woocommerce\packages\action-scheduler\classes\abstracts\ActionScheduler_Abstract_QueueRunner.php(65): ActionScheduler_Action->execute()
#4 C:\xampp\htdocs\arkarz\wp-content\plugins\woocommerce\packages\action-scheduler\classes\ActionScheduler_QueueRunner.php(162): ActionScheduler_Abstract_QueueRunner->process_action(516, 'WP Cron')
#5 C:\xampp\htdocs\arkarz\wp-content\plugins\woocommerce\packages\action-scheduler\classes\ActionScheduler_QueueRunner.php(132): ActionScheduler_QueueRunner->do_batch(25, 'WP Cron')
#6 C:\xampp\htdocs\arkarz\wp-includes\class-wp-hook.php(287): ActionScheduler_QueueRunner->run('WP Cron')
#7 C:\xampp\htdocs\arkarz\wp-includes\class-wp-hook.php(311): WP_Hook->apply_filters('', Array)
#8 C:\xampp\htdocs\arkarz\wp-includes\plugin.php(551): WP_Hook->do_action(Array)
#9 C:\xampp\htdocs\arkarz\wp-cron.php(138): do_action_ref_array('action_schedule...', Array)
#10 {main}
  thrown in C:\xampp\htdocs\arkarz\wp-includes\class-wp-hook.php on line 287

2021-03-07T14:12:31+00:00 CRITICAL Uncaught Error: Unknown named parameter $tasks_meta_id in C:\xampp\htdocs\arkarz\wp-includes\class-wp-hook.php:287
Stack trace:
#0 C:\xampp\htdocs\arkarz\wp-includes\class-wp-hook.php(311): WP_Hook->apply_filters('', Array)
#1 C:\xampp\htdocs\arkarz\wp-includes\plugin.php(551): WP_Hook->do_action(Array)
#2 C:\xampp\htdocs\arkarz\wp-content\plugins\woocommerce\packages\action-scheduler\classes\actions\ActionScheduler_Action.php(22): do_action_ref_array('wpforms_email_s...', Array)
#3 C:\xampp\htdocs\arkarz\wp-content\plugins\woocommerce\packages\action-scheduler\classes\abstracts\ActionScheduler_Abstract_QueueRunner.php(65): ActionScheduler_Action->execute()
#4 C:\xampp\htdocs\arkarz\wp-content\plugins\woocommerce\packages\action-scheduler\classes\ActionScheduler_QueueRunner.php(162): ActionScheduler_Abstract_QueueRunner->process_action(519, 'Async Request')
#5 C:\xampp\htdocs\arkarz\wp-content\plugins\woocommerce\packages\action-scheduler\classes\ActionScheduler_QueueRunner.php(132): ActionScheduler_QueueRunner->do_batch(25, 'Async Request')
#6 C:\xampp\htdocs\arkarz\wp-includes\class-wp-hook.php(287): ActionScheduler_QueueRunner->run('Async Request')
#7 C:\xampp\htdocs\arkarz\wp-includes\class-wp-hook.php(311): WP_Hook->apply_filters('', Array)
#8 C:\xampp\htdocs\arkarz\wp-includes\plugin.php(484): WP_Hook->do_action(Array)
#9 C:\xampp\htdocs\arkarz\wp-content\plugins\woocommerce\packages\action-scheduler\classes\ActionScheduler_AsyncRequest_QueueRunner.php(52): do_action('action_schedule...', 'Async Request')
#10 C:\xampp\htdocs\arkarz\wp-content\plugins\woocommerce\includes\libraries\wp-async-request.php(147): ActionScheduler_AsyncRequest_QueueRunner->handle()
#11 C:\xampp\htdocs\arkarz\wp-includes\class-wp-hook.php(287): WP_Async_Request->maybe_handle('')
#12 C:\xampp\htdocs\arkarz\wp-includes\class-wp-hook.php(311): WP_Hook->apply_filters('', Array)
#13 C:\xampp\htdocs\arkarz\wp-includes\plugin.php(484): WP_Hook->do_action(Array)
#14 C:\xampp\htdocs\arkarz\wp-admin\admin-ajax.php(199): do_action('wp_ajax_nopriv_...')
#15 {main}
  thrown in C:\xampp\htdocs\arkarz\wp-includes\class-wp-hook.php on line 287

2021-03-07T14:12:39+00:00 CRITICAL Uncaught Error: Unknown named parameter $tasks_meta_id in C:\xampp\htdocs\arkarz\wp-includes\class-wp-hook.php:287
Stack trace:
#0 C:\xampp\htdocs\arkarz\wp-includes\class-wp-hook.php(311): WP_Hook->apply_filters('', Array)
#1 C:\xampp\htdocs\arkarz\wp-includes\plugin.php(551): WP_Hook->do_action(Array)
#2 C:\xampp\htdocs\arkarz\wp-content\plugins\woocommerce\packages\action-scheduler\classes\actions\ActionScheduler_Action.php(22): do_action_ref_array('wpforms_email_s...', Array)
#3 C:\xampp\htdocs\arkarz\wp-content\plugins\woocommerce\packages\action-scheduler\classes\abstracts\ActionScheduler_Abstract_QueueRunner.php(65): ActionScheduler_Action->execute()
#4 C:\xampp\htdocs\arkarz\wp-content\plugins\woocommerce\packages\action-scheduler\classes\ActionScheduler_QueueRunner.php(162): ActionScheduler_Abstract_QueueRunner->process_action(520, 'WP Cron')
#5 C:\xampp\htdocs\arkarz\wp-content\plugins\woocommerce\packages\action-scheduler\classes\ActionScheduler_QueueRunner.php(132): ActionScheduler_QueueRunner->do_batch(25, 'WP Cron')
#6 C:\xampp\htdocs\arkarz\wp-includes\class-wp-hook.php(287): ActionScheduler_QueueRunner->run('WP Cron')
#7 C:\xampp\htdocs\arkarz\wp-includes\class-wp-hook.php(311): WP_Hook->apply_filters('', Array)
#8 C:\xampp\htdocs\arkarz\wp-includes\plugin.php(551): WP_Hook->do_action(Array)
#9 C:\xampp\htdocs\arkarz\wp-cron.php(138): do_action_ref_array('action_schedule...', Array)
#10 {main}
  thrown in C:\xampp\htdocs\arkarz\wp-includes\class-wp-hook.php on line 287

2021-03-07T14:13:36+00:00 CRITICAL Uncaught Error: Unknown named parameter $tasks_meta_id in C:\xampp\htdocs\arkarz\wp-includes\class-wp-hook.php:287
Stack trace:
#0 C:\xampp\htdocs\arkarz\wp-includes\class-wp-hook.php(311): WP_Hook->apply_filters('', Array)
#1 C:\xampp\htdocs\arkarz\wp-includes\plugin.php(551): WP_Hook->do_action(Array)
#2 C:\xampp\htdocs\arkarz\wp-content\plugins\woocommerce\packages\action-scheduler\classes\actions\ActionScheduler_Action.php(22): do_action_ref_array('wpforms_admin_n...', Array)
#3 C:\xampp\htdocs\arkarz\wp-content\plugins\woocommerce\packages\action-scheduler\classes\abstracts\ActionScheduler_Abstract_QueueRunner.php(65): ActionScheduler_Action->execute()
#4 C:\xampp\htdocs\arkarz\wp-content\plugins\woocommerce\packages\action-scheduler\classes\ActionScheduler_QueueRunner.php(162): ActionScheduler_Abstract_QueueRunner->process_action(522, 'WP Cron')
#5 C:\xampp\htdocs\arkarz\wp-content\plugins\woocommerce\packages\action-scheduler\classes\ActionScheduler_QueueRunner.php(132): ActionScheduler_QueueRunner->do_batch(25, 'WP Cron')
#6 C:\xampp\htdocs\arkarz\wp-includes\class-wp-hook.php(287): ActionScheduler_QueueRunner->run('WP Cron')
#7 C:\xampp\htdocs\arkarz\wp-includes\class-wp-hook.php(311): WP_Hook->apply_filters('', Array)
#8 C:\xampp\htdocs\arkarz\wp-includes\plugin.php(551): WP_Hook->do_action(Array)
#9 C:\xampp\htdocs\arkarz\wp-cron.php(138): do_action_ref_array('action_schedule...', Array)
#10 {main}
  thrown in C:\xampp\htdocs\arkarz\wp-includes\class-wp-hook.php on line 287

2021-03-07T14:14:38+00:00 CRITICAL Uncaught Error: Unknown named parameter $tasks_meta_id in C:\xampp\htdocs\arkarz\wp-includes\class-wp-hook.php:287
Stack trace:
#0 C:\xampp\htdocs\arkarz\wp-includes\class-wp-hook.php(311): WP_Hook->apply_filters('', Array)
#1 C:\xampp\htdocs\arkarz\wp-includes\plugin.php(551): WP_Hook->do_action(Array)
#2 C:\xampp\htdocs\arkarz\wp-content\plugins\woocommerce\packages\action-scheduler\classes\actions\ActionScheduler_Action.php(22): do_action_ref_array('wpforms_admin_n...', Array)
#3 C:\xampp\htdocs\arkarz\wp-content\plugins\woocommerce\packages\action-scheduler\classes\abstracts\ActionScheduler_Abstract_QueueRunner.php(65): ActionScheduler_Action->execute()
#4 C:\xampp\htdocs\arkarz\wp-content\plugins\woocommerce\packages\action-scheduler\classes\ActionScheduler_QueueRunner.php(162): ActionScheduler_Abstract_QueueRunner->process_action(523, 'WP Cron')
#5 C:\xampp\htdocs\arkarz\wp-content\plugins\woocommerce\packages\action-scheduler\classes\ActionScheduler_QueueRunner.php(132): ActionScheduler_QueueRunner->do_batch(25, 'WP Cron')
#6 C:\xampp\htdocs\arkarz\wp-includes\class-wp-hook.php(287): ActionScheduler_QueueRunner->run('WP Cron')
#7 C:\xampp\htdocs\arkarz\wp-includes\class-wp-hook.php(311): WP_Hook->apply_filters('', Array)
#8 C:\xampp\htdocs\arkarz\wp-includes\plugin.php(551): WP_Hook->do_action(Array)
#9 C:\xampp\htdocs\arkarz\wp-cron.php(138): do_action_ref_array('action_schedule...', Array)
#10 {main}
  thrown in C:\xampp\htdocs\arkarz\wp-includes\class-wp-hook.php on line 287

2021-03-07T14:14:39+00:00 CRITICAL Uncaught Error: Unknown named parameter $tasks_meta_id in C:\xampp\htdocs\arkarz\wp-includes\class-wp-hook.php:287
Stack trace:
#0 C:\xampp\htdocs\arkarz\wp-includes\class-wp-hook.php(311): WP_Hook->apply_filters('', Array)
#1 C:\xampp\htdocs\arkarz\wp-includes\plugin.php(551): WP_Hook->do_action(Array)
#2 C:\xampp\htdocs\arkarz\wp-content\plugins\woocommerce\packages\action-scheduler\classes\actions\ActionScheduler_Action.php(22): do_action_ref_array('wpforms_admin_n...', Array)
#3 C:\xampp\htdocs\arkarz\wp-content\plugins\woocommerce\packages\action-scheduler\classes\abstracts\ActionScheduler_Abstract_QueueRunner.php(65): ActionScheduler_Action->execute()
#4 C:\xampp\htdocs\arkarz\wp-content\plugins\woocommerce\packages\action-scheduler\classes\ActionScheduler_QueueRunner.php(162): ActionScheduler_Abstract_QueueRunner->process_action(524, 'Async Request')
#5 C:\xampp\htdocs\arkarz\wp-content\plugins\woocommerce\packages\action-scheduler\classes\ActionScheduler_QueueRunner.php(132): ActionScheduler_QueueRunner->do_batch(25, 'Async Request')
#6 C:\xampp\htdocs\arkarz\wp-includes\class-wp-hook.php(287): ActionScheduler_QueueRunner->run('Async Request')
#7 C:\xampp\htdocs\arkarz\wp-includes\class-wp-hook.php(311): WP_Hook->apply_filters('', Array)
#8 C:\xampp\htdocs\arkarz\wp-includes\plugin.php(484): WP_Hook->do_action(Array)
#9 C:\xampp\htdocs\arkarz\wp-content\plugins\woocommerce\packages\action-scheduler\classes\ActionScheduler_AsyncRequest_QueueRunner.php(52): do_action('action_schedule...', 'Async Request')
#10 C:\xampp\htdocs\arkarz\wp-content\plugins\woocommerce\includes\libraries\wp-async-request.php(147): ActionScheduler_AsyncRequest_QueueRunner->handle()
#11 C:\xampp\htdocs\arkarz\wp-includes\class-wp-hook.php(287): WP_Async_Request->maybe_handle('')
#12 C:\xampp\htdocs\arkarz\wp-includes\class-wp-hook.php(311): WP_Hook->apply_filters('', Array)
#13 C:\xampp\htdocs\arkarz\wp-includes\plugin.php(484): WP_Hook->do_action(Array)
#14 C:\xampp\htdocs\arkarz\wp-admin\admin-ajax.php(184): do_action('wp_ajax_as_asyn...')
#15 {main}
  thrown in C:\xampp\htdocs\arkarz\wp-includes\class-wp-hook.php on line 287

2021-03-07T14:15:38+00:00 CRITICAL Uncaught Error: Unknown named parameter $tasks_meta_id in C:\xampp\htdocs\arkarz\wp-includes\class-wp-hook.php:287
Stack trace:
#0 C:\xampp\htdocs\arkarz\wp-includes\class-wp-hook.php(311): WP_Hook->apply_filters('', Array)
#1 C:\xampp\htdocs\arkarz\wp-includes\plugin.php(551): WP_Hook->do_action(Array)
#2 C:\xampp\htdocs\arkarz\wp-content\plugins\woocommerce\packages\action-scheduler\classes\actions\ActionScheduler_Action.php(22): do_action_ref_array('wpforms_admin_n...', Array)
#3 C:\xampp\htdocs\arkarz\wp-content\plugins\woocommerce\packages\action-scheduler\classes\abstracts\ActionScheduler_Abstract_QueueRunner.php(65): ActionScheduler_Action->execute()
#4 C:\xampp\htdocs\arkarz\wp-content\plugins\woocommerce\packages\action-scheduler\classes\ActionScheduler_QueueRunner.php(162): ActionScheduler_Abstract_QueueRunner->process_action(525, 'WP Cron')
#5 C:\xampp\htdocs\arkarz\wp-content\plugins\woocommerce\packages\action-scheduler\classes\ActionScheduler_QueueRunner.php(132): ActionScheduler_QueueRunner->do_batch(25, 'WP Cron')
#6 C:\xampp\htdocs\arkarz\wp-includes\class-wp-hook.php(287): ActionScheduler_QueueRunner->run('WP Cron')
#7 C:\xampp\htdocs\arkarz\wp-includes\class-wp-hook.php(311): WP_Hook->apply_filters('', Array)
#8 C:\xampp\htdocs\arkarz\wp-includes\plugin.php(551): WP_Hook->do_action(Array)
#9 C:\xampp\htdocs\arkarz\wp-cron.php(138): do_action_ref_array('action_schedule...', Array)
#10 {main}
  thrown in C:\xampp\htdocs\arkarz\wp-includes\class-wp-hook.php on line 287

2021-03-07T14:16:57+00:00 CRITICAL Uncaught Error: Unknown named parameter $tasks_meta_id in C:\xampp\htdocs\arkarz\wp-includes\class-wp-hook.php:287
Stack trace:
#0 C:\xampp\htdocs\arkarz\wp-includes\class-wp-hook.php(311): WP_Hook->apply_filters('', Array)
#1 C:\xampp\htdocs\arkarz\wp-includes\plugin.php(551): WP_Hook->do_action(Array)
#2 C:\xampp\htdocs\arkarz\wp-content\plugins\woocommerce\packages\action-scheduler\classes\actions\ActionScheduler_Action.php(22): do_action_ref_array('wpforms_admin_n...', Array)
#3 C:\xampp\htdocs\arkarz\wp-content\plugins\woocommerce\packages\action-scheduler\classes\abstracts\ActionScheduler_Abstract_QueueRunner.php(65): ActionScheduler_Action->execute()
#4 C:\xampp\htdocs\arkarz\wp-content\plugins\woocommerce\packages\action-scheduler\classes\ActionScheduler_QueueRunner.php(162): ActionScheduler_Abstract_QueueRunner->process_action(526, 'WP Cron')
#5 C:\xampp\htdocs\arkarz\wp-content\plugins\woocommerce\packages\action-scheduler\classes\ActionScheduler_QueueRunner.php(132): ActionScheduler_QueueRunner->do_batch(25, 'WP Cron')
#6 C:\xampp\htdocs\arkarz\wp-includes\class-wp-hook.php(287): ActionScheduler_QueueRunner->run('WP Cron')
#7 C:\xampp\htdocs\arkarz\wp-includes\class-wp-hook.php(311): WP_Hook->apply_filters('', Array)
#8 C:\xampp\htdocs\arkarz\wp-includes\plugin.php(551): WP_Hook->do_action(Array)
#9 C:\xampp\htdocs\arkarz\wp-cron.php(138): do_action_ref_array('action_schedule...', Array)
#10 {main}
  thrown in C:\xampp\htdocs\arkarz\wp-includes\class-wp-hook.php on line 287

